0 info it worked if it ends with ok
1 verbose cli [ 'C:\\Program Files\\nodejs\\node.exe',
1 verbose cli   'C:\\Program Files\\nodejs\\node_modules\\npm\\bin\\npm-cli.js',
1 verbose cli   'start' ]
2 info using npm@3.10.10
3 info using node@v6.10.0
4 verbose run-script [ 'prestart', 'start', 'poststart' ]
5 info lifecycle e-tracker-server@1.0.0~prestart: e-tracker-server@1.0.0
6 silly lifecycle e-tracker-server@1.0.0~prestart: no script for prestart, continuing
7 info lifecycle e-tracker-server@1.0.0~start: e-tracker-server@1.0.0
8 verbose lifecycle e-tracker-server@1.0.0~start: unsafe-perm in lifecycle true
9 verbose lifecycle e-tracker-server@1.0.0~start: PATH: C:\Program Files\nodejs\node_modules\npm\bin\node-gyp-bin;D:\HappyFox\E-Tracker BackEnd\node_modules\.bin;C:\Program Files (x86)\Intel\iCLS Client\;C:\Program Files\Intel\iCLS Client\;C:\Windows\system32;C:\Windows;C:\Windows\System32\Wbem;C:\Windows\System32\WindowsPowerShell\v1.0\;C:\Program Files\Intel\Intel(R) Management Engine Components\DAL;C:\Program Files (x86)\Intel\Intel(R) Management Engine Components\DAL;C:\Program Files\Intel\Intel(R) Management Engine Components\IPT;C:\Program Files (x86)\Intel\Intel(R) Management Engine Components\IPT;C:\Program Files\Intel\WiFi\bin\;C:\Program Files\Common Files\Intel\WirelessCommon\;C:\Program Files\Git\cmd;C:\Windows\system32\config\systemprofile\.dnx\bin;C:\Program Files\Microsoft DNX\Dnvm\;C:\Program Files\nodejs\;C:\Users\dpalanisamy\AppData\Roaming\npm;C:\Users\dpalanisamy\AppData\Local\atom\bin
10 verbose lifecycle e-tracker-server@1.0.0~start: CWD: D:\HappyFox\E-Tracker BackEnd
11 silly lifecycle e-tracker-server@1.0.0~start: Args: [ '/d /s /c', 'node index.js' ]
12 silly lifecycle e-tracker-server@1.0.0~start: Returned: code: 3221225786  signal: null
13 info lifecycle e-tracker-server@1.0.0~start: Failed to exec start script
14 verbose stack Error: e-tracker-server@1.0.0 start: `node index.js`
14 verbose stack Exit status 3221225786
14 verbose stack     at EventEmitter.<anonymous> (C:\Program Files\nodejs\node_modules\npm\lib\utils\lifecycle.js:255:16)
14 verbose stack     at emitTwo (events.js:106:13)
14 verbose stack     at EventEmitter.emit (events.js:191:7)
14 verbose stack     at ChildProcess.<anonymous> (C:\Program Files\nodejs\node_modules\npm\lib\utils\spawn.js:40:14)
14 verbose stack     at emitTwo (events.js:106:13)
14 verbose stack     at ChildProcess.emit (events.js:191:7)
14 verbose stack     at maybeClose (internal/child_process.js:877:16)
14 verbose stack     at Process.ChildProcess._handle.onexit (internal/child_process.js:226:5)
15 verbose pkgid e-tracker-server@1.0.0
16 verbose cwd D:\HappyFox\E-Tracker BackEnd
17 error Windows_NT 6.3.9600
18 error argv "C:\\Program Files\\nodejs\\node.exe" "C:\\Program Files\\nodejs\\node_modules\\npm\\bin\\npm-cli.js" "start"
19 error node v6.10.0
20 error npm  v3.10.10
21 error code ELIFECYCLE
22 error e-tracker-server@1.0.0 start: `node index.js`
22 error Exit status 3221225786
23 error Failed at the e-tracker-server@1.0.0 start script 'node index.js'.
23 error Make sure you have the latest version of node.js and npm installed.
23 error If you do, this is most likely a problem with the e-tracker-server package,
23 error not with npm itself.
23 error Tell the author that this fails on your system:
23 error     node index.js
23 error You can get information on how to open an issue for this project with:
23 error     npm bugs e-tracker-server
23 error Or if that isn't available, you can get their info via:
23 error     npm owner ls e-tracker-server
23 error There is likely additional logging output above.
24 verbose exit [ 1, true ]
